Bienvenido
1- Cargar información
2- Ejecutar Requerimiento 1
3- Ejecutar Requerimiento 2
4- Ejecutar Requerimiento 3
5- Ejecutar Requerimiento 4
6- Ejecutar Requerimiento 5
7- Ejecutar Requerimiento 6
8- Ejecutar Requerimiento 7
9- Ejecutar Requerimiento 8
0- Salir
Seleccione una opción para continuar
Cargando información de los archivos ....

{'Fecha de publicacion': datetime.datetime(2022, 4, 14, 17, 24), 'Titulo de la oferta': 'Senior CyberSecurity Engineer - Reloc. to Rijad', 'Empresa': 'IntelligINTS', 'Nivel de experticia': 'senior', 'Pais de la oferta': 'SA', 'Ciudad de la oferta': 'Rijad'}
{'Fecha de publicacion': datetime.datetime(2022, 4, 14, 17, 23), 'Titulo de la oferta': 'CyberSecurity Pentester - Reloc. to Abu Dhabi', 'Empresa': 'IntelligINTS', 'Nivel de experticia': 'senior', 'Pais de la oferta': 'AE', 'Ciudad de la oferta': 'Abu Dhabi'}
{'Fecha de publicacion': datetime.datetime(2022, 4, 14, 16, 34, 35), 'Titulo de la oferta': 'Mid Backend Software Developer - GO', 'Empresa': 'CloudTalk', 'Nivel de experticia': 'mid', 'Pais de la oferta': 'SK', 'Ciudad de la oferta': 'Bratislava'}
{'Fecha de publicacion': datetime.datetime(2022, 4, 14, 16, 24, 54), 'Titulo de la oferta': 'Mid Backend Software Developer - Node.js', 'Empresa': 'CloudTalk', 'Nivel de experticia': 'mid', 'Pais de la oferta': 'SK', 'Ciudad de la oferta': 'Bratislava'}
{'Fecha de publicacion': datetime.datetime(2022, 4, 14, 16, 16, 59), 'Titulo de la oferta': 'Remote Sr/Staff FE Engineer - Angular', 'Empresa': 'Jirav', 'Nivel de experticia': 'senior', 'Pais de la oferta': 'PL', 'Ciudad de la oferta': 'Warszawa'}
{'Fecha de publicacion': datetime.datetime(2022, 4, 14, 16, 12, 48), 'Titulo de la oferta': 'Remote Senior DevOps Engineer', 'Empresa': 'Jirav', 'Nivel de experticia': 'senior', 'Pais de la oferta': 'PL', 'Ciudad de la oferta': 'Warszawa'}
{'Fecha de publicacion': datetime.datetime(2022, 4, 14, 16, 12, 26), 'Titulo de la oferta': 'PostgreSQL/SQL DB Developer - Climate', 'Empresa': 'Climate X', 'Nivel de experticia': 'senior', 'Pais de la oferta': 'PL', 'Ciudad de la oferta': 'Warsaw'}
{'Fecha de publicacion': datetime.datetime(2022, 4, 14, 16, 8), 'Titulo de la oferta': 'Senior Backend Developer - Node (Remote)', 'Empresa': 'Bitfinex', 'Nivel de experticia': 'senior', 'Pais de la oferta': 'PL', 'Ciudad de la oferta': 'Warszawa'}
{'Fecha de publicacion': datetime.datetime(2022, 4, 14, 16, 8), 'Titulo de la oferta': 'Senior Java Engineer', 'Empresa': 'Cavendish Professionals', 'Nivel de experticia': 'senior', 'Pais de la oferta': 'PL', 'Ciudad de la oferta': 'Warszawa'}
{'Fecha de publicacion': datetime.datetime(2022, 4, 14, 16, 8), 'Titulo de la oferta': 'Mid Blockchain Integration Specialist', 'Empresa': 'Bitfinex', 'Nivel de experticia': 'mid', 'Pais de la oferta': 'PL', 'Ciudad de la oferta': 'Warszawa'}
{'Fecha de publicacion': datetime.datetime(2022, 4, 14, 16, 7), 'Titulo de la oferta': 'Senior Cloud DevOps Engineer', 'Empresa': 'Cavendish Professionals', 'Nivel de experticia': 'senior', 'Pais de la oferta': 'PL', 'Ciudad de la oferta': 'Warszawa'}
{'Fecha de publicacion': datetime.datetime(2022, 4, 14, 16, 7), 'Titulo de la oferta': 'Mid .NET CMS/e-commerce Developer(Optimizely/EPiServer)', 'Empresa': 'First Line Software', 'Nivel de experticia': 'mid', 'Pais de la oferta': 'PL', 'Ciudad de la oferta': 'Warszawa'}
{'Fecha de publicacion': datetime.datetime(2022, 4, 14, 16, 6), 'Titulo de la oferta': 'Mid JavaScript Fullstack Developer', 'Empresa': 'Multis', 'Nivel de experticia': 'mid', 'Pais de la oferta': 'FR', 'Ciudad de la oferta': 'Paryz'}
{'Fecha de publicacion': datetime.datetime(2022, 4, 14, 16, 6), 'Titulo de la oferta': 'Mid Fullstack Software Engineer', 'Empresa': 'Meilisearch', 'Nivel de experticia': 'mid', 'Pais de la oferta': 'FR', 'Ciudad de la oferta': 'Paris'}
{'Fecha de publicacion': datetime.datetime(2022, 4, 14, 16, 6), 'Titulo de la oferta': 'Mid Python Engineer (Go, Data, Security)', 'Empresa': 'Bloomreach', 'Nivel de experticia': 'mid', 'Pais de la oferta': 'PL', 'Ciudad de la oferta': 'Warszawa'}
{'Fecha de publicacion': datetime.datetime(2022, 4, 14, 16, 6), 'Titulo de la oferta': 'Team Lead Frontend Developer', 'Empresa': 'Aily Labs', 'Nivel de experticia': 'senior', 'Pais de la oferta': 'PL', 'Ciudad de la oferta': 'Warszawa'}
